Name:           efs-provisioner-64d55b8f76-hhknq
Namespace:      default
Priority:       0
Node:           ip-172-31-21-220.ec2.internal/172.31.21.220
Start Time:     Sat, 14 Sep 2019 17:22:48 -0400
Labels:         app=efs-provisioner
                pod-template-hash=64d55b8f76
Annotations:    kubernetes.io/psp: eks.privileged
Status:         Pending
IP:             
Controlled By:  ReplicaSet/efs-provisioner-64d55b8f76
Containers:
  efs-provisioner:
    Container ID:   
    Image:          quay.io/external_storage/efs-provisioner:v0.1.0
    Image ID:       
    Port:           <none>
    Host Port:      <none>
    State:          Waiting
      Reason:       ContainerCreating
    Ready:          False
    Restart Count:  0
    Environment:
      FILE_SYSTEM_ID:    fs-9ba53979
      AWS_REGION:        us-east-1
      PROVISIONER_NAME:  eks-course/aws-efs
    Mounts:
      /persistentvolumes from pv-volume (rw)
      /var/run/secrets/kubernetes.io/serviceaccount from default-token-bbjgp (ro)
Conditions:
  Type              Status
  Initialized       True 
  Ready             False 
  ContainersReady   False 
  PodScheduled      True 
Volumes:
  pv-volume:
    Type:      NFS (an NFS mount that lasts the lifetime of a pod)
    Server:    fs-9ba53979.efs.us-east-1.amazonaws.com
    Path:      /
    ReadOnly:  false
  default-token-bbjgp:
    Type:        Secret (a volume populated by a Secret)
    SecretName:  default-token-bbjgp
    Optional:    false
QoS Class:       BestEffort
Node-Selectors:  <none>
Tolerations:     node.kubernetes.io/not-ready:NoExecute for 300s
                 node.kubernetes.io/unreachable:NoExecute for 300s
Events:
  Type     Reason       Age    From                                    Message
  ----     ------       ----   ----                                    -------
  Normal   Scheduled    3m20s  default-scheduler                       Successfully assigned default/efs-provisioner-64d55b8f76-hhknq to ip-172-31-21-220.ec2.internal
  Warning  FailedMount  77s    kubelet, ip-172-31-21-220.ec2.internal  Unable to mount volumes for pod "efs-provisioner-64d55b8f76-hhknq_default(cd50b06c-d735-11e9-9e51-0a9464b954ac)": timeout expired waiting for volumes to attach or mount for pod "default"/"efs-provisioner-64d55b8f76-hhknq". list of unmounted volumes=[pv-volume]. list of unattached volumes=[pv-volume default-token-bbjgp]
